2019-08-11 10:24:38,381 INFO (StartupInfoLogger.java:50)- Starting GismapApplication on DESKTOP-GAD100G with PID 16504 (D:\gismap\java\gismap\target\classes started by wujin in D:\gismap\java\gismap)
2019-08-11 10:24:38,449 INFO (SpringApplication.java:646)- No active profile set, falling back to default profiles: default
2019-08-11 10:24:54,961 INFO (StartupInfoLogger.java:59)- Started GismapApplication in 17.175 seconds (JVM running for 18.002)
2019-08-11 10:25:01,843 INFO (MapController.java:70)- 入参类别：prefpgn起始时间：-5000截至时间-221
2019-08-11 10:25:06,476 INFO (MapController.java:70)- 入参类别：prefpgn起始时间：-5000截至时间-221
2019-08-11 10:27:38,237 INFO (StartupInfoLogger.java:50)- Starting GismapApplication on DESKTOP-GAD100G with PID 24568 (D:\gismap\java\gismap\target\classes started by wujin in D:\gismap\java\gismap)
2019-08-11 10:27:38,293 INFO (SpringApplication.java:646)- No active profile set, falling back to default profiles: default
2019-08-11 10:27:54,061 INFO (StartupInfoLogger.java:59)- Started GismapApplication in 16.235 seconds (JVM running for 17.063)
2019-08-11 10:28:00,821 INFO (MapController.java:60)- 入参类别：prefpgn，起始时间：-5000，截至时间：-221
2019-08-11 10:28:02,337 INFO (MapController.java:60)- 入参类别：prefpgn，起始时间：-5000，截至时间：-221
2019-08-13 15:46:18,558 INFO (StartupInfoLogger.java:50)- Starting GismapApplicationTests on DESKTOP-GAD100G with PID 30776 (started by wujin in D:\gismap\java\master\gismap)
2019-08-13 15:46:18,559 INFO (SpringApplication.java:646)- No active profile set, falling back to default profiles: default
2019-08-13 15:46:37,272 INFO (StartupInfoLogger.java:59)- Started GismapApplicationTests in 19.303 seconds (JVM running for 21.139)
2019-08-13 15:56:07,851 INFO (StartupInfoLogger.java:50)- Starting GismapApplication on DESKTOP-GAD100G with PID 41148 (D:\gismap\java\master\gismap\target\classes started by wujin in D:\gismap\java\master\gismap)
2019-08-13 15:56:07,855 INFO (SpringApplication.java:646)- No active profile set, falling back to default profiles: default
2019-08-13 15:56:24,737 INFO (StartupInfoLogger.java:59)- Started GismapApplication in 17.362 seconds (JVM running for 18.392)
2019-08-13 15:56:57,179 INFO (MapController.java:66)- 入参类别：prefpts，起始时间：-5000，截至时间：-221
2019-08-13 15:57:15,757 INFO (MapController.java:66)- 入参类别：prefpts，起始时间：-5000，截至时间：-221
2019-08-13 15:57:33,387 INFO (MapController.java:66)- 入参类别：prefpgn，起始时间：-5000，截至时间：-221
2019-08-13 15:59:08,710 INFO (StartupInfoLogger.java:50)- Starting GismapApplication on DESKTOP-GAD100G with PID 23248 (D:\gismap\java\master\gismap\target\classes started by wujin in D:\gismap\java\master\gismap)
2019-08-13 15:59:08,721 INFO (SpringApplication.java:646)- No active profile set, falling back to default profiles: default
2019-08-13 15:59:26,337 INFO (StartupInfoLogger.java:59)- Started GismapApplication in 18.152 seconds (JVM running for 19.262)
2019-08-13 16:00:01,510 ERROR (MapController.java:69)- 程序错误类型：
com.alibaba.fastjson.JSONException: not close json text, token : {
	at com.alibaba.fastjson.parser.DefaultJSONParser.close(DefaultJSONParser.java:1482)
	at com.alibaba.fastjson.JSON.parse(JSON.java:156)
	at com.alibaba.fastjson.JSON.parse(JSON.java:162)
	at com.alibaba.fastjson.JSON.parse(JSON.java:131)
	at com.history.gismap.controller.MapController.getPoint(MapController.java:62)
	at sun.reflect.NativeMethodAccessorImpl.invoke0(Native Method)
	at sun.reflect.NativeMethodAccessorImpl.invoke(NativeMethodAccessorImpl.java:62)
	at sun.reflect.DelegatingMethodAccessorImpl.invoke(DelegatingMethodAccessorImpl.java:43)
	at java.lang.reflect.Method.invoke(Method.java:498)
	at org.springframework.web.method.support.InvocableHandlerMethod.doInvoke(InvocableHandlerMethod.java:190)
	at org.springframework.web.method.support.InvocableHandlerMethod.invokeForRequest(InvocableHandlerMethod.java:138)
	at org.springframework.web.servlet.mvc.method.annotation.ServletInvocableHandlerMethod.invokeAndHandle(ServletInvocableHandlerMethod.java:104)
	at org.springframework.web.servlet.mvc.method.annotation.RequestMappingHandlerAdapter.invokeHandlerMethod(RequestMappingHandlerAdapter.java:892)
	at org.springframework.web.servlet.mvc.method.annotation.RequestMappingHandlerAdapter.handleInternal(RequestMappingHandlerAdapter.java:797)
	at org.springframework.web.servlet.mvc.method.AbstractHandlerMethodAdapter.handle(AbstractHandlerMethodAdapter.java:87)
	at org.springframework.web.servlet.DispatcherServlet.doDispatch(DispatcherServlet.java:1039)
	at org.springframework.web.servlet.DispatcherServlet.doService(DispatcherServlet.java:942)
	at org.springframework.web.servlet.FrameworkServlet.processRequest(FrameworkServlet.java:1005)
	at org.springframework.web.servlet.FrameworkServlet.doGet(FrameworkServlet.java:897)
	at javax.servlet.http.HttpServlet.service(HttpServlet.java:634)
	at org.springframework.web.servlet.FrameworkServlet.service(FrameworkServlet.java:882)
	at javax.servlet.http.HttpServlet.service(HttpServlet.java:741)
	at org.apache.catalina.core.ApplicationFilterChain.internalDoFilter(ApplicationFilterChain.java:231)
	at org.apache.catalina.core.ApplicationFilterChain.doFilter(ApplicationFilterChain.java:166)
	at org.apache.tomcat.websocket.server.WsFilter.doFilter(WsFilter.java:53)
	at org.apache.catalina.core.ApplicationFilterChain.internalDoFilter(ApplicationFilterChain.java:193)
	at org.apache.catalina.core.ApplicationFilterChain.doFilter(ApplicationFilterChain.java:166)
	at com.alibaba.druid.support.http.WebStatFilter.doFilter(WebStatFilter.java:123)
	at org.apache.catalina.core.ApplicationFilterChain.internalDoFilter(ApplicationFilterChain.java:193)
	at org.apache.catalina.core.ApplicationFilterChain.doFilter(ApplicationFilterChain.java:166)
	at org.springframework.web.filter.RequestContextFilter.doFilterInternal(RequestContextFilter.java:99)
	at org.springframework.web.filter.OncePerRequestFilter.doFilter(OncePerRequestFilter.java:109)
	at org.apache.catalina.core.ApplicationFilterChain.internalDoFilter(ApplicationFilterChain.java:193)
	at org.apache.catalina.core.ApplicationFilterChain.doFilter(ApplicationFilterChain.java:166)
	at org.springframework.web.filter.FormContentFilter.doFilterInternal(FormContentFilter.java:92)
	at org.springframework.web.filter.OncePerRequestFilter.doFilter(OncePerRequestFilter.java:109)
	at org.apache.catalina.core.ApplicationFilterChain.internalDoFilter(ApplicationFilterChain.java:193)
	at org.apache.catalina.core.ApplicationFilterChain.doFilter(ApplicationFilterChain.java:166)
	at org.springframework.web.filter.HiddenHttpMethodFilter.doFilterInternal(HiddenHttpMethodFilter.java:93)
	at org.springframework.web.filter.OncePerRequestFilter.doFilter(OncePerRequestFilter.java:109)
	at org.apache.catalina.core.ApplicationFilterChain.internalDoFilter(ApplicationFilterChain.java:193)
	at org.apache.catalina.core.ApplicationFilterChain.doFilter(ApplicationFilterChain.java:166)
	at org.springframework.web.filter.CharacterEncodingFilter.doFilterInternal(CharacterEncodingFilter.java:200)
	at org.springframework.web.filter.OncePerRequestFilter.doFilter(OncePerRequestFilter.java:109)
	at org.apache.catalina.core.ApplicationFilterChain.internalDoFilter(ApplicationFilterChain.java:193)
	at org.apache.catalina.core.ApplicationFilterChain.doFilter(ApplicationFilterChain.java:166)
	at org.apache.catalina.core.StandardWrapperValve.invoke(StandardWrapperValve.java:202)
	at org.apache.catalina.core.StandardContextValve.invoke(StandardContextValve.java:96)
	at org.apache.catalina.authenticator.AuthenticatorBase.invoke(AuthenticatorBase.java:490)
	at org.apache.catalina.core.StandardHostValve.invoke(StandardHostValve.java:139)
	at org.apache.catalina.valves.ErrorReportValve.invoke(ErrorReportValve.java:92)
	at org.apache.catalina.core.StandardEngineValve.invoke(StandardEngineValve.java:74)
	at org.apache.catalina.connector.CoyoteAdapter.service(CoyoteAdapter.java:343)
	at org.apache.coyote.http11.Http11Processor.service(Http11Processor.java:408)
	at org.apache.coyote.AbstractProcessorLight.process(AbstractProcessorLight.java:66)
	at org.apache.coyote.AbstractProtocol$ConnectionHandler.process(AbstractProtocol.java:853)
	at org.apache.tomcat.util.net.NioEndpoint$SocketProcessor.doRun(NioEndpoint.java:1587)
	at org.apache.tomcat.util.net.SocketProcessorBase.run(SocketProcessorBase.java:49)
	at java.util.concurrent.ThreadPoolExecutor.runWorker(ThreadPoolExecutor.java:1149)
	at java.util.concurrent.ThreadPoolExecutor$Worker.run(ThreadPoolExecutor.java:624)
	at org.apache.tomcat.util.threads.TaskThread$WrappingRunnable.run(TaskThread.java:61)
	at java.lang.Thread.run(Thread.java:748)
2019-08-13 16:01:09,825 INFO (StartupInfoLogger.java:50)- Starting GismapApplication on DESKTOP-GAD100G with PID 32940 (D:\gismap\java\master\gismap\target\classes started by wujin in D:\gismap\java\master\gismap)
2019-08-13 16:01:09,828 INFO (SpringApplication.java:646)- No active profile set, falling back to default profiles: default
2019-08-13 16:01:26,317 INFO (StartupInfoLogger.java:59)- Started GismapApplication in 16.924 seconds (JVM running for 17.87)
2019-08-13 16:01:36,384 INFO (MapController.java:66)- 入参类别：prefpgn，起始时间：-5000，截至时间：-221
