2019-08-25 00:53:42,106 INFO (MapController.java:67)- 入参类别：cntypts，起始时间：221，截至时间：589
2019-08-25 00:54:24,416 INFO (MapController.java:67)- 入参类别：cntypts，起始时间：-5000，截至时间：-221
2019-08-25 00:54:24,485 INFO (MapController.java:67)- 入参类别：cntypts，起始时间：221，截至时间：589
2019-08-25 00:54:59,074 INFO (MapController.java:67)- 入参类别：cntypts，起始时间：221，截至时间：589
2019-08-25 09:01:36,845 INFO (MapController.java:67)- 入参类别：cntypts，起始时间：-5000，截至时间：-221
2019-08-25 09:01:36,879 INFO (MapController.java:67)- 入参类别：cntypts，起始时间：221，截至时间：589
2019-08-25 09:02:17,231 INFO (MapController.java:67)- 入参类别：cntypts，起始时间：221，截至时间：589
2019-08-25 09:02:20,341 INFO (MapController.java:67)- 入参类别：cntypts，起始时间：-5000，截至时间：-221
2019-08-25 09:02:20,382 INFO (MapController.java:67)- 入参类别：cntypts，起始时间：221，截至时间：589
2019-08-25 09:05:48,415 INFO (MapController.java:67)- 入参类别：cntypts，起始时间：-5000，截至时间：-221
2019-08-25 09:09:18,699 INFO (MapController.java:67)- 入参类别：cntypts，起始时间：-5000，截至时间：-221
2019-08-25 09:10:23,792 INFO (MapController.java:67)- 入参类别：cntypts，起始时间：-5000，截至时间：-221
2019-08-25 10:59:12,586 INFO (MapController.java:67)- 入参类别：prefpgn，起始时间：-5000，截至时间：-221
2019-08-25 11:00:08,387 INFO (MapController.java:67)- 入参类别：prefpgn，起始时间：-5000，截至时间：-221
2019-08-25 11:02:23,513 INFO (MapController.java:67)- 入参类别：prefpgn，起始时间：-5000，截至时间：-221
2019-08-25 11:02:29,026 INFO (MapController.java:67)- 入参类别：prefpgn，起始时间：-5000，截至时间：-221
2019-08-25 12:35:23,169 INFO (MapController.java:67)- 入参类别：cntypts，起始时间：-5000，截至时间：-221
2019-08-25 12:35:47,864 INFO (MapController.java:67)- 入参类别：cntypts，起始时间：-5000，截至时间：-221
2019-08-25 12:40:37,429 INFO (MapController.java:67)- 入参类别：cntypts，起始时间：-5000，截至时间：-221
2019-08-25 12:42:35,012 INFO (MapController.java:67)- 入参类别：cntypts，起始时间：-5000，截至时间：-221
2019-08-25 12:44:52,584 INFO (MapController.java:67)- 入参类别：cntypts，起始时间：-5000，截至时间：-221
2019-08-25 12:45:35,873 INFO (MapController.java:67)- 入参类别：cntypts，起始时间：-5000，截至时间：-221
2019-08-25 12:47:48,704 INFO (MapController.java:67)- 入参类别：cntypts，起始时间：-5000，截至时间：-221
2019-08-25 12:57:11,544 INFO (MapController.java:67)- 入参类别：cntypts，起始时间：-5000，截至时间：-221
2019-08-25 12:58:20,103 INFO (MapController.java:67)- 入参类别：cntypts，起始时间：-5000，截至时间：-221
2019-08-25 13:01:59,128 INFO (MapController.java:67)- 入参类别：cntypts，起始时间：-5000，截至时间：-221
2019-08-25 13:05:00,242 INFO (MapController.java:67)- 入参类别：cntypts，起始时间：-5000，截至时间：-221
2019-08-25 13:07:38,714 INFO (MapController.java:67)- 入参类别：cntypts，起始时间：-5000，截至时间：-221
2019-08-25 13:08:34,339 INFO (MapController.java:67)- 入参类别：cntypts，起始时间：-5000，截至时间：-221
2019-08-25 13:11:10,441 INFO (MapController.java:67)- 入参类别：cntypts，起始时间：-5000，截至时间：-221
2019-08-25 13:11:50,874 INFO (MapController.java:67)- 入参类别：cntypts，起始时间：-5000，截至时间：-221
2019-08-25 13:13:36,564 INFO (MapController.java:67)- 入参类别：cntypts，起始时间：-5000，截至时间：-221
2019-08-25 13:13:45,515 INFO (MapController.java:67)- 入参类别：cntypts，起始时间：-5000，截至时间：-221
2019-08-25 13:14:32,848 INFO (MapController.java:67)- 入参类别：cntypts，起始时间：-5000，截至时间：-221
2019-08-25 13:15:33,799 INFO (MapController.java:67)- 入参类别：cntypts，起始时间：-5000，截至时间：-221
2019-08-25 13:16:08,255 INFO (MapController.java:67)- 入参类别：cntypts，起始时间：-5000，截至时间：-221
2019-08-25 13:17:25,115 INFO (MapController.java:67)- 入参类别：cntypts，起始时间：-5000，截至时间：-221
2019-08-25 13:18:49,546 INFO (MapController.java:67)- 入参类别：cntypts，起始时间：-5000，截至时间：-221
2019-08-25 13:20:13,845 INFO (MapController.java:67)- 入参类别：cntypts，起始时间：-220，截至时间：-202
2019-08-25 13:20:13,845 INFO (MapController.java:67)- 入参类别：cntypts，起始时间：-5000，截至时间：-221
2019-08-25 13:20:16,371 INFO (MapController.java:67)- 入参类别：cntypts，起始时间：-220，截至时间：-202
2019-08-25 13:20:16,376 INFO (MapController.java:67)- 入参类别：cntypts，起始时间：-5000，截至时间：-221
2019-08-25 13:20:16,492 INFO (MapController.java:67)- 入参类别：cntypts，起始时间：221，截至时间：589
2019-08-25 13:20:20,870 INFO (MapController.java:67)- 入参类别：cntypts，起始时间：-5000，截至时间：-221
2019-08-25 13:20:20,942 INFO (MapController.java:67)- 入参类别：cntypts，起始时间：-220，截至时间：-202
2019-08-25 13:20:20,945 INFO (MapController.java:67)- 入参类别：cntypts，起始时间：-5000，截至时间：-221
2019-08-25 13:20:21,007 INFO (MapController.java:67)- 入参类别：cntypts，起始时间：221，截至时间：589
2019-08-25 13:20:21,117 INFO (MapController.java:67)- 入参类别：cntypts，起始时间：221，截至时间：589
2019-08-25 13:20:22,574 INFO (MapController.java:67)- 入参类别：cntypts，起始时间：-5000，截至时间：-221
2019-08-25 13:20:22,664 INFO (MapController.java:67)- 入参类别：cntypts，起始时间：221，截至时间：589
2019-08-25 13:20:39,367 INFO (MapController.java:67)- 入参类别：cntypts，起始时间：221，截至时间：589
2019-08-25 13:35:08,739 INFO (MapController.java:67)- 入参类别：cntypts，起始时间：-5000，截至时间：-221
2019-08-25 13:35:16,589 INFO (MapController.java:67)- 入参类别：cntypts，起始时间：-5000，截至时间：-221
2019-08-25 13:43:09,993 INFO (MapController.java:67)- 入参类别：cntypts，起始时间：-5000，截至时间：-221
2019-08-25 13:49:09,866 INFO (MapController.java:67)- 入参类别：cntypts，起始时间：-5000，截至时间：-221
2019-08-25 13:51:14,711 INFO (MapController.java:67)- 入参类别：cntypts，起始时间：-5000，截至时间：-221
2019-08-25 13:54:42,767 INFO (MapController.java:67)- 入参类别：cntypts，起始时间：-5000，截至时间：-221
2019-08-25 14:01:02,837 INFO (MapController.java:67)- 入参类别：cntypts，起始时间：-5000，截至时间：-221
2019-08-25 14:08:28,760 INFO (MapController.java:67)- 入参类别：cntypts，起始时间：-5000，截至时间：-221
2019-08-25 14:08:58,902 INFO (MapController.java:67)- 入参类别：cntypts，起始时间：-5000，截至时间：-221
2019-08-25 14:08:58,973 INFO (MapController.java:67)- 入参类别：cntypts，起始时间：-201，截至时间：220
2019-08-25 14:09:18,769 INFO (MapController.java:67)- 入参类别：cntypts，起始时间：-5000，截至时间：-221
2019-08-25 14:09:18,848 INFO (MapController.java:67)- 入参类别：cntypts，起始时间：-201，截至时间：220
2019-08-25 14:09:18,864 INFO (MapController.java:67)- 入参类别：cntypts，起始时间：221，截至时间：589
2019-08-25 14:09:42,157 INFO (MapController.java:67)- 入参类别：cntypts，起始时间：-5000，截至时间：-221
2019-08-25 14:09:43,942 INFO (MapController.java:67)- 入参类别：cntypts，起始时间：-220，截至时间：-202
2019-08-25 14:09:43,944 INFO (MapController.java:67)- 入参类别：cntypts，起始时间：-5000，截至时间：-221
2019-08-25 14:09:45,866 INFO (MapController.java:67)- 入参类别：cntypts，起始时间：-220，截至时间：-202
2019-08-25 14:09:45,868 INFO (MapController.java:67)- 入参类别：cntypts，起始时间：-5000，截至时间：-221
2019-08-25 14:09:45,938 INFO (MapController.java:67)- 入参类别：cntypts，起始时间：-201，截至时间：220
2019-08-25 18:28:10,631 INFO (MapController.java:67)- 入参类别：cntypts，起始时间：-5000，截至时间：-221
2019-08-25 18:28:21,062 INFO (MapController.java:67)- 入参类别：cntypts，起始时间：-201，截至时间：220
2019-08-25 18:28:28,608 INFO (MapController.java:67)- 入参类别：cntypts，起始时间：221，截至时间：589
2019-08-25 18:28:37,642 INFO (MapController.java:67)- 入参类别：cntypts，起始时间：590，截至时间：907
2019-08-25 18:33:20,785 INFO (MapController.java:67)- 入参类别：cntypts，起始时间：-5000，截至时间：-221
2019-08-25 18:33:30,066 INFO (MapController.java:67)- 入参类别：cntypts，起始时间：-5000，截至时间：-221
2019-08-25 18:34:52,162 INFO (MapController.java:67)- 入参类别：cntypts，起始时间：-220，截至时间：-202
2019-08-25 18:34:54,905 INFO (MapController.java:67)- 入参类别：cntypts，起始时间：-220，截至时间：-202
2019-08-25 18:34:54,991 INFO (MapController.java:67)- 入参类别：cntypts，起始时间：-201，截至时间：220
2019-08-25 18:34:58,104 INFO (MapController.java:67)- 入参类别：cntypts，起始时间：-220，截至时间：-202
2019-08-25 18:34:58,115 INFO (MapController.java:67)- 入参类别：cntypts，起始时间：908，截至时间：960
2019-08-25 18:34:58,196 INFO (MapController.java:67)- 入参类别：cntypts，起始时间：-201，截至时间：220
2019-08-25 18:35:45,611 INFO (MapController.java:67)- 入参类别：cntypts，起始时间：-220，截至时间：-202
2019-08-25 18:35:45,613 INFO (MapController.java:67)- 入参类别：cntypts，起始时间：-5000，截至时间：-221
2019-08-25 18:35:45,630 INFO (MapController.java:67)- 入参类别：cntypts，起始时间：908，截至时间：960
2019-08-25 18:35:45,707 INFO (MapController.java:67)- 入参类别：cntypts，起始时间：-201，截至时间：220
2019-08-25 18:36:23,848 INFO (MapController.java:67)- 入参类别：cntypts，起始时间：-220，截至时间：-202
2019-08-25 18:36:23,860 INFO (MapController.java:67)- 入参类别：cntypts，起始时间：908，截至时间：960
2019-08-25 18:36:23,885 INFO (MapController.java:67)- 入参类别：cntypts，起始时间：-201，截至时间：220
2019-08-25 18:36:45,555 INFO (MapController.java:67)- 入参类别：cntypts，起始时间：-5000，截至时间：-221
2019-08-25 18:36:54,735 INFO (MapController.java:67)- 入参类别：cntypts，起始时间：-5000，截至时间：-221
2019-08-25 18:36:54,759 INFO (MapController.java:67)- 入参类别：cntypts，起始时间：-201，截至时间：220
2019-08-25 18:37:02,693 INFO (MapController.java:67)- 入参类别：cntypts，起始时间：-201，截至时间：220
2019-08-25 20:51:16,522 INFO (MapController.java:67)- 入参类别：cntypts，起始时间：-5000，截至时间：-221
2019-08-25 21:00:00,546 INFO (MapController.java:67)- 入参类别：cntypts，起始时间：-5000，截至时间：-221
2019-08-25 21:00:07,039 INFO (MapController.java:67)- 入参类别：cntypts，起始时间：-220，截至时间：-202
2019-08-25 21:00:07,039 INFO (MapController.java:67)- 入参类别：cntypts，起始时间：-5000，截至时间：-221
2019-08-25 21:01:00,324 INFO (MapController.java:67)- 入参类别：cntypts，起始时间：-5000，截至时间：-221
2019-08-25 21:05:57,551 INFO (MapController.java:67)- 入参类别：cntypts，起始时间：-5000，截至时间：-221
2019-08-25 21:06:00,731 INFO (MapController.java:67)- 入参类别：cntypts，起始时间：-220，截至时间：-202
2019-08-25 21:06:00,736 INFO (MapController.java:67)- 入参类别：cntypts，起始时间：-5000，截至时间：-221
2019-08-25 21:07:28,668 INFO (MapController.java:67)- 入参类别：cntypts，起始时间：-5000，截至时间：-221
2019-08-25 21:07:34,791 INFO (MapController.java:67)- 入参类别：cntypts，起始时间：-220，截至时间：-202
2019-08-25 21:07:34,805 INFO (MapController.java:67)- 入参类别：cntypts，起始时间：-5000，截至时间：-221
2019-08-25 21:07:37,889 INFO (MapController.java:67)- 入参类别：cntypts，起始时间：-220，截至时间：-202
2019-08-25 21:07:37,891 INFO (MapController.java:67)- 入参类别：cntypts，起始时间：-5000，截至时间：-221
2019-08-25 21:07:37,961 INFO (MapController.java:67)- 入参类别：cntypts，起始时间：-201，截至时间：220
2019-08-25 21:08:13,767 INFO (MapController.java:67)- 入参类别：cntypts，起始时间：-220，截至时间：-202
2019-08-25 21:08:13,769 INFO (MapController.java:67)- 入参类别：cntypts，起始时间：-5000，截至时间：-221
2019-08-25 21:13:18,479 INFO (MapController.java:67)- 入参类别：prefpgn，起始时间：1277，截至时间：1368
2019-08-25 21:40:12,080 INFO (MapController.java:67)- 入参类别：cntypts，起始时间：-5000，截至时间：-221
2019-08-25 21:40:12,131 INFO (MapController.java:67)- 入参类别：prefpgn，起始时间：-5000，截至时间：-221
2019-08-25 21:42:21,903 INFO (MapController.java:67)- 入参类别：cntypts，起始时间：-5000，截至时间：-221
2019-08-25 21:42:21,926 INFO (MapController.java:67)- 入参类别：prefpgn，起始时间：-5000，截至时间：-221
2019-08-25 21:42:29,880 INFO (MapController.java:67)- 入参类别：prefpgn，起始时间：-5000，截至时间：-221
2019-08-25 21:45:31,837 INFO (MapController.java:67)- 入参类别：cntypts，起始时间：-5000，截至时间：-221
2019-08-25 21:45:31,852 INFO (MapController.java:67)- 入参类别：prefpgn，起始时间：-5000，截至时间：-221
2019-08-25 21:47:04,196 INFO (MapController.java:67)- 入参类别：cntypts，起始时间：-5000，截至时间：-221
2019-08-25 21:47:04,217 INFO (MapController.java:67)- 入参类别：prefpgn，起始时间：-5000，截至时间：-221
2019-08-25 21:48:37,589 INFO (MapController.java:67)- 入参类别：cntypts，起始时间：-5000，截至时间：-221
2019-08-25 21:48:37,601 INFO (MapController.java:67)- 入参类别：prefpgn，起始时间：-5000，截至时间：-221
2019-08-25 21:50:21,043 INFO (MapController.java:67)- 入参类别：cntypts，起始时间：-5000，截至时间：-221
2019-08-25 21:50:21,067 INFO (MapController.java:67)- 入参类别：prefpgn，起始时间：-5000，截至时间：-221
2019-08-25 21:55:25,635 INFO (MapController.java:67)- 入参类别：cntypts，起始时间：-5000，截至时间：-221
2019-08-25 21:55:25,645 INFO (MapController.java:67)- 入参类别：prefpgn，起始时间：-5000，截至时间：-221
2019-08-25 22:00:25,725 INFO (MapController.java:67)- 入参类别：cntypts，起始时间：-5000，截至时间：-221
2019-08-25 22:00:25,747 INFO (MapController.java:67)- 入参类别：prefpgn，起始时间：-5000，截至时间：-221
2019-08-25 22:00:55,019 INFO (MapController.java:67)- 入参类别：cntypts，起始时间：-5000，截至时间：-221
2019-08-25 22:00:55,043 INFO (MapController.java:67)- 入参类别：prefpgn，起始时间：-5000，截至时间：-221
2019-08-25 22:03:25,197 INFO (MapController.java:67)- 入参类别：cntypts，起始时间：-5000，截至时间：-221
2019-08-25 22:03:25,219 INFO (MapController.java:67)- 入参类别：prefpgn，起始时间：-5000，截至时间：-221
2019-08-25 22:08:52,459 INFO (MapController.java:67)- 入参类别：cntypts，起始时间：-5000，截至时间：-221
2019-08-25 22:08:52,487 INFO (MapController.java:67)- 入参类别：prefpgn，起始时间：-5000，截至时间：-221
2019-08-25 22:08:54,830 INFO (MapController.java:67)- 入参类别：prefpgn，起始时间：-5000，截至时间：-221
2019-08-25 22:08:54,853 INFO (MapController.java:67)- 入参类别：cntypts，起始时间：-5000，截至时间：-221
2019-08-25 22:08:54,960 INFO (MapController.java:67)- 入参类别：cntypts，起始时间：-201，截至时间：220
2019-08-25 22:08:55,731 INFO (MapController.java:67)- 入参类别：prefpgn，起始时间：-201，截至时间：220
2019-08-25 22:09:10,770 INFO (MapController.java:67)- 入参类别：cntypts，起始时间：-5000，截至时间：-221
2019-08-25 22:09:10,797 INFO (MapController.java:67)- 入参类别：prefpgn，起始时间：-5000，截至时间：-221
2019-08-25 22:09:10,803 INFO (MapController.java:67)- 入参类别：cntypts，起始时间：-201，截至时间：220
2019-08-25 22:09:10,812 INFO (MapController.java:67)- 入参类别：cntypts，起始时间：221，截至时间：589
2019-08-25 22:09:11,244 INFO (MapController.java:67)- 入参类别：prefpgn，起始时间：-201，截至时间：220
2019-08-25 22:09:13,051 INFO (MapController.java:67)- 入参类别：prefpgn，起始时间：221，截至时间：589
2019-08-25 22:10:20,246 INFO (MapController.java:67)- 入参类别：cntypts，起始时间：-5000，截至时间：-221
2019-08-25 22:10:20,264 INFO (MapController.java:67)- 入参类别：prefpgn，起始时间：-5000，截至时间：-221
2019-08-25 22:10:22,414 INFO (MapController.java:67)- 入参类别：cntypts，起始时间：-5000，截至时间：-221
2019-08-25 22:10:22,414 INFO (MapController.java:67)- 入参类别：cntypts，起始时间：908，截至时间：960
2019-08-25 22:10:22,438 INFO (MapController.java:67)- 入参类别：prefpgn，起始时间：-5000，截至时间：-221
2019-08-25 22:10:22,636 INFO (MapController.java:67)- 入参类别：prefpgn，起始时间：908，截至时间：960
2019-08-25 22:13:32,323 INFO (MapController.java:67)- 入参类别：cntypts，起始时间：-5000，截至时间：-221
2019-08-25 22:13:32,343 INFO (MapController.java:67)- 入参类别：prefpgn，起始时间：-5000，截至时间：-221
2019-08-25 22:15:21,714 INFO (MapController.java:67)- 入参类别：cntypts，起始时间：-5000，截至时间：-221
2019-08-25 22:15:21,735 INFO (MapController.java:67)- 入参类别：prefpgn，起始时间：-5000，截至时间：-221
2019-08-25 22:15:29,417 INFO (MapController.java:67)- 入参类别：cntypts，起始时间：-5000，截至时间：-221
2019-08-25 22:15:29,441 INFO (MapController.java:67)- 入参类别：prefpgn，起始时间：-5000，截至时间：-221
2019-08-25 22:15:29,499 INFO (MapController.java:67)- 入参类别：prefpgn，起始时间：-220，截至时间：-202
2019-08-25 22:16:55,537 INFO (MapController.java:67)- 入参类别：prefpgn，起始时间：-220，截至时间：-202
2019-08-25 22:17:08,284 INFO (MapController.java:67)- 入参类别：cntypts，起始时间：-5000，截至时间：-221
2019-08-25 22:17:08,307 INFO (MapController.java:67)- 入参类别：prefpgn，起始时间：-5000，截至时间：-221
2019-08-25 22:18:22,707 INFO (MapController.java:67)- 入参类别：cntypts，起始时间：-5000，截至时间：-221
2019-08-25 22:18:22,728 INFO (MapController.java:67)- 入参类别：prefpgn，起始时间：-5000，截至时间：-221
2019-08-25 22:19:47,481 INFO (MapController.java:67)- 入参类别：cntypts，起始时间：-5000，截至时间：-221
2019-08-25 22:19:47,501 INFO (MapController.java:67)- 入参类别：prefpgn，起始时间：-5000，截至时间：-221
2019-08-25 22:22:02,600 INFO (MapController.java:67)- 入参类别：cntypts，起始时间：-5000，截至时间：-221
2019-08-25 22:22:02,623 INFO (MapController.java:67)- 入参类别：prefpgn，起始时间：-5000，截至时间：-221
2019-08-25 22:22:26,045 INFO (MapController.java:67)- 入参类别：prefpgn，起始时间：-5000，截至时间：-221
2019-08-25 22:22:27,807 INFO (MapController.java:67)- 入参类别：prefpgn，起始时间：-5000，截至时间：-221
2019-08-25 22:23:41,781 INFO (MapController.java:67)- 入参类别：prefpgn，起始时间：-5000，截至时间：-221
2019-08-25 22:24:51,329 INFO (MapController.java:67)- 入参类别：cntypts，起始时间：-5000，截至时间：-221
2019-08-25 22:24:51,354 INFO (MapController.java:67)- 入参类别：prefpgn，起始时间：-5000，截至时间：-221
2019-08-25 22:26:10,832 INFO (MapController.java:67)- 入参类别：cntypts，起始时间：-5000，截至时间：-221
2019-08-25 22:26:23,144 INFO (MapController.java:67)- 入参类别：prefpgn，起始时间：-5000，截至时间：-221
2019-08-25 22:33:12,939 INFO (MapController.java:67)- 入参类别：prefpgn，起始时间：-5000，截至时间：-221
2019-08-25 22:33:13,044 INFO (MapController.java:67)- 入参类别：prefpgn，起始时间：-220，截至时间：-202
2019-08-25 22:33:14,538 INFO (MapController.java:67)- 入参类别：prefpgn，起始时间：908，截至时间：960
2019-08-25 22:33:14,674 INFO (MapController.java:67)- 入参类别：prefpgn，起始时间：-201，截至时间：220
2019-08-25 22:33:15,280 INFO (MapController.java:67)- 入参类别：prefpgn，起始时间：221，截至时间：589
2019-08-25 22:33:15,649 INFO (MapController.java:67)- 入参类别：prefpgn，起始时间：961，截至时间：1276
2019-08-25 22:33:17,300 INFO (MapController.java:67)- 入参类别：prefpts，起始时间：-5000，截至时间：-221
2019-08-25 22:33:17,485 INFO (MapController.java:67)- 入参类别：prefpts，起始时间：-220，截至时间：-202
2019-08-25 22:33:17,910 INFO (MapController.java:67)- 入参类别：prefpgn，起始时间：1369，截至时间：1644
2019-08-25 22:33:20,496 INFO (MapController.java:67)- 入参类别：prefpgn，起始时间：590，截至时间：907
2019-08-25 22:33:22,094 INFO (MapController.java:67)- 入参类别：prefpgn，起始时间：1645，截至时间：1840
2019-08-25 22:33:22,219 INFO (MapController.java:67)- 入参类别：prefpts，起始时间：-201，截至时间：220
2019-08-25 22:33:22,688 INFO (MapController.java:67)- 入参类别：prefpgn，起始时间：1277，截至时间：1368
2019-08-25 22:33:24,033 INFO (MapController.java:67)- 入参类别：prefpts，起始时间：221，截至时间：589
2019-08-25 22:33:24,873 INFO (MapController.java:67)- 入参类别：prefpts，起始时间：590，截至时间：907
2019-08-25 22:33:26,851 INFO (MapController.java:67)- 入参类别：prefpts，起始时间：908，截至时间：960
2019-08-25 22:33:26,860 INFO (MapController.java:67)- 入参类别：prefpts，起始时间：961，截至时间：1276
2019-08-25 22:33:26,871 INFO (MapController.java:67)- 入参类别：prefpts，起始时间：1277，截至时间：1368
2019-08-25 22:33:26,880 INFO (MapController.java:67)- 入参类别：prefpts，起始时间：1369，截至时间：1644
2019-08-25 22:33:26,888 INFO (MapController.java:67)- 入参类别：prefpts，起始时间：1645，截至时间：1840
2019-08-25 22:33:26,896 INFO (MapController.java:67)- 入参类别：cntypts，起始时间：-5000，截至时间：-221
2019-08-25 22:33:26,920 INFO (MapController.java:67)- 入参类别：cntypts，起始时间：-201，截至时间：220
2019-08-25 22:33:46,513 INFO (MapController.java:67)- 入参类别：cntypts，起始时间：221，截至时间：589
2019-08-25 22:34:00,232 INFO (MapController.java:67)- 入参类别：cntypts，起始时间：-220，截至时间：-202
2019-08-25 22:34:10,560 INFO (MapController.java:67)- 入参类别：prefpts，起始时间：-5000，截至时间：-221
2019-08-25 22:34:10,565 INFO (MapController.java:67)- 入参类别：cntypts，起始时间：-5000，截至时间：-221
2019-08-25 22:34:10,584 INFO (MapController.java:67)- 入参类别：prefpgn，起始时间：-5000，截至时间：-221
2019-08-25 22:34:24,553 INFO (MapController.java:67)- 入参类别：prefpts，起始时间：-5000，截至时间：-221
2019-08-25 22:34:41,896 INFO (MapController.java:67)- 入参类别：prefpts，起始时间：-5000，截至时间：-221
2019-08-25 22:34:41,903 INFO (MapController.java:67)- 入参类别：cntypts，起始时间：-5000，截至时间：-221
2019-08-25 22:35:23,229 INFO (MapController.java:67)- 入参类别：prefpts，起始时间：-5000，截至时间：-221
2019-08-25 22:35:25,526 INFO (MapController.java:67)- 入参类别：prefpts，起始时间：-5000，截至时间：-221
2019-08-25 22:35:25,530 INFO (MapController.java:67)- 入参类别：cntypts，起始时间：-5000，截至时间：-221
2019-08-25 22:35:43,358 INFO (MapController.java:67)- 入参类别：prefpts，起始时间：-5000，截至时间：-221
2019-08-25 22:36:36,115 INFO (MapController.java:67)- 入参类别：prefpts，起始时间：-5000，截至时间：-221
2019-08-25 22:37:12,297 INFO (MapController.java:67)- 入参类别：prefpts，起始时间：-5000，截至时间：-221
2019-08-25 22:37:12,303 INFO (MapController.java:67)- 入参类别：cntypts，起始时间：-5000，截至时间：-221
2019-08-25 22:37:12,320 INFO (MapController.java:67)- 入参类别：prefpgn，起始时间：-5000，截至时间：-221
2019-08-25 22:37:47,032 INFO (MapController.java:67)- 入参类别：prefpts，起始时间：-5000，截至时间：-221
2019-08-25 22:37:47,055 INFO (MapController.java:67)- 入参类别：prefpgn，起始时间：-5000，截至时间：-221
2019-08-25 22:38:37,107 INFO (MapController.java:67)- 入参类别：prefpts，起始时间：-5000，截至时间：-221
2019-08-25 22:38:37,110 INFO (MapController.java:67)- 入参类别：cntypts，起始时间：-5000，截至时间：-221
2019-08-25 22:38:37,142 INFO (MapController.java:67)- 入参类别：prefpgn，起始时间：-5000，截至时间：-221
2019-08-25 22:42:04,658 INFO (MapController.java:67)- 入参类别：prefpts，起始时间：-5000，截至时间：-221
2019-08-25 22:42:05,011 INFO (MapController.java:67)- 入参类别：cntypts，起始时间：-5000，截至时间：-221
2019-08-25 22:42:05,028 INFO (MapController.java:67)- 入参类别：prefpgn，起始时间：-5000，截至时间：-221
2019-08-25 22:42:56,546 INFO (MapController.java:67)- 入参类别：prefpts，起始时间：-5000，截至时间：-221
2019-08-25 22:42:56,549 INFO (MapController.java:67)- 入参类别：cntypts，起始时间：-5000，截至时间：-221
2019-08-25 22:42:56,566 INFO (MapController.java:67)- 入参类别：prefpgn，起始时间：-5000，截至时间：-221
2019-08-25 22:43:56,600 INFO (MapController.java:67)- 入参类别：prefpts，起始时间：-5000，截至时间：-221
2019-08-25 22:43:56,606 INFO (MapController.java:67)- 入参类别：cntypts，起始时间：-5000，截至时间：-221
2019-08-25 22:43:56,626 INFO (MapController.java:67)- 入参类别：prefpgn，起始时间：-5000，截至时间：-221
2019-08-25 22:48:32,924 INFO (MapController.java:67)- 入参类别：prefpts，起始时间：-5000，截至时间：-221
2019-08-25 22:48:32,933 INFO (MapController.java:67)- 入参类别：cntypts，起始时间：-5000，截至时间：-221
2019-08-25 22:48:32,954 INFO (MapController.java:67)- 入参类别：prefpgn，起始时间：-5000，截至时间：-221
2019-08-25 22:51:20,885 INFO (MapController.java:67)- 入参类别：prefpts，起始时间：-5000，截至时间：-221
2019-08-25 22:51:20,890 INFO (MapController.java:67)- 入参类别：cntypts，起始时间：-5000，截至时间：-221
2019-08-25 22:51:20,910 INFO (MapController.java:67)- 入参类别：prefpgn，起始时间：-5000，截至时间：-221
2019-08-25 23:04:58,340 INFO (MapController.java:67)- 入参类别：prefpts，起始时间：-5000，截至时间：-221
2019-08-25 23:04:58,342 INFO (MapController.java:67)- 入参类别：cntypts，起始时间：-5000，截至时间：-221
2019-08-25 23:04:58,363 INFO (MapController.java:67)- 入参类别：prefpgn，起始时间：-5000，截至时间：-221
