2019-08-26 21:28:01,425 INFO (StartupInfoLogger.java:50)- Starting GismapApplication on DESKTOP-GAD100G with PID 18364 (D:\gismap\java\master\gismap\target\classes started by wujin in D:\gismap\java\master\gismap)
2019-08-26 21:28:01,430 INFO (SpringApplication.java:646)- No active profile set, falling back to default profiles: default
2019-08-26 21:28:21,111 INFO (StartupInfoLogger.java:59)- Started GismapApplication in 20.477 seconds (JVM running for 23.692)
2019-08-26 21:31:44,824 INFO (MapController.java:67)- 入参类别：prefpgn，起始时间：-5000，截至时间：-221
2019-08-26 21:43:44,366 INFO (MapController.java:67)- 入参类别：prefpts，起始时间：-5000，截至时间：-221
2019-08-26 21:43:44,376 INFO (MapController.java:67)- 入参类别：cntypts，起始时间：-5000，截至时间：-221
2019-08-26 21:43:44,386 INFO (MapController.java:67)- 入参类别：prefpgn，起始时间：-5000，截至时间：-221
2019-08-26 21:43:47,085 INFO (MapController.java:67)- 入参类别：prefpts，起始时间：-220，截至时间：-202
2019-08-26 21:43:47,086 INFO (MapController.java:67)- 入参类别：prefpts，起始时间：-5000，截至时间：-221
2019-08-26 21:43:47,088 INFO (MapController.java:67)- 入参类别：cntypts，起始时间：-220，截至时间：-202
2019-08-26 21:43:47,091 INFO (MapController.java:67)- 入参类别：cntypts，起始时间：-5000，截至时间：-221
2019-08-26 21:43:47,108 INFO (MapController.java:67)- 入参类别：prefpgn，起始时间：-5000，截至时间：-221
2019-08-26 21:43:47,158 INFO (MapController.java:67)- 入参类别：prefpgn，起始时间：-220，截至时间：-202
2019-08-26 21:43:57,431 INFO (MapController.java:67)- 入参类别：prefpts，起始时间：-5000，截至时间：-221
2019-08-26 21:43:57,432 INFO (MapController.java:67)- 入参类别：prefpts，起始时间：-220，截至时间：-202
2019-08-26 21:43:57,450 INFO (MapController.java:67)- 入参类别：prefpts，起始时间：-201，截至时间：220
2019-08-26 21:43:57,451 INFO (MapController.java:67)- 入参类别：cntypts，起始时间：-220，截至时间：-202
2019-08-26 21:43:57,456 INFO (MapController.java:67)- 入参类别：cntypts，起始时间：-5000，截至时间：-221
2019-08-26 21:43:57,458 INFO (MapController.java:67)- 入参类别：prefpgn，起始时间：-5000，截至时间：-221
2019-08-26 21:43:57,511 INFO (MapController.java:67)- 入参类别：cntypts，起始时间：-201，截至时间：220
2019-08-26 21:43:57,536 INFO (MapController.java:67)- 入参类别：prefpgn，起始时间：-220，截至时间：-202
2019-08-26 21:43:57,795 INFO (MapController.java:67)- 入参类别：prefpgn，起始时间：-201，截至时间：220
2019-08-26 21:44:22,782 INFO (MapController.java:67)- 入参类别：prefpts，起始时间：-5000，截至时间：-221
2019-08-26 21:44:22,785 INFO (MapController.java:67)- 入参类别：cntypts，起始时间：-5000，截至时间：-221
2019-08-26 21:44:22,807 INFO (MapController.java:67)- 入参类别：prefpgn，起始时间：-5000，截至时间：-221
2019-08-26 21:44:28,753 INFO (MapController.java:67)- 入参类别：prefpgn，起始时间：-5000，截至时间：-221
2019-08-26 21:44:39,078 INFO (MapController.java:67)- 入参类别：prefpgn，起始时间：-5000，截至时间：-221
2019-08-26 21:44:39,120 INFO (MapController.java:67)- 入参类别：prefpgn，起始时间：-220，截至时间：-202
2019-08-26 21:44:46,680 INFO (MapController.java:67)- 入参类别：prefpgn，起始时间：-220，截至时间：-202
2019-08-26 21:44:56,985 INFO (MapController.java:67)- 入参类别：prefpgn，起始时间：-220，截至时间：-202
2019-08-26 21:57:17,724 INFO (MapController.java:67)- 入参类别：prefpgn，起始时间：-5000，截至时间：-221
2019-08-26 21:57:27,979 INFO (MapController.java:67)- 入参类别：prefpgn，起始时间：-5000，截至时间：-221
2019-08-26 21:57:28,037 INFO (MapController.java:67)- 入参类别：prefpgn，起始时间：-220，截至时间：-202
2019-08-26 21:58:12,847 INFO (MapController.java:67)- 入参类别：prefpgn，起始时间：-5000，截至时间：-221
2019-08-26 21:58:12,956 INFO (MapController.java:67)- 入参类别：prefpgn，起始时间：-220，截至时间：-202
2019-08-26 21:58:13,253 INFO (MapController.java:67)- 入参类别：prefpgn，起始时间：-201，截至时间：220
2019-08-26 22:19:18,805 INFO (MapController.java:67)- 入参类别：prefpgn，起始时间：-5000，截至时间：-221
2019-08-26 22:19:20,319 INFO (MapController.java:67)- 入参类别：prefpgn，起始时间：-201，截至时间：220
2019-08-26 22:19:23,888 INFO (MapController.java:67)- 入参类别：prefpgn，起始时间：-201，截至时间：220
2019-08-26 22:24:50,897 INFO (MapController.java:67)- 入参类别：cntypts，起始时间：-5000，截至时间：-221
2019-08-26 22:24:54,950 INFO (MapController.java:67)- 入参类别：cntypts，起始时间：-220，截至时间：-202
2019-08-26 22:24:54,951 INFO (MapController.java:67)- 入参类别：cntypts，起始时间：-5000，截至时间：-221
2019-08-26 22:24:59,369 INFO (MapController.java:67)- 入参类别：cntypts，起始时间：-220，截至时间：-202
2019-08-26 22:24:59,370 INFO (MapController.java:67)- 入参类别：cntypts，起始时间：-5000，截至时间：-221
2019-08-26 22:24:59,409 INFO (MapController.java:67)- 入参类别：cntypts，起始时间：-201，截至时间：220
2019-08-26 22:25:06,035 INFO (MapController.java:67)- 入参类别：cntypts，起始时间：-5000，截至时间：-221
2019-08-26 22:25:06,044 INFO (MapController.java:67)- 入参类别：cntypts，起始时间：-220，截至时间：-202
2019-08-26 22:25:06,052 INFO (MapController.java:67)- 入参类别：cntypts，起始时间：1645，截至时间：1840
2019-08-26 22:25:06,075 INFO (MapController.java:67)- 入参类别：cntypts，起始时间：-201，截至时间：220
2019-08-26 22:43:24,177 INFO (MapController.java:67)- 入参类别：cntypts，起始时间：-5000，截至时间：-221
2019-08-26 22:43:24,200 INFO (MapController.java:67)- 入参类别：prefpts，起始时间：-5000，截至时间：-221
2019-08-26 22:43:24,251 INFO (MapController.java:67)- 入参类别：prefpgn，起始时间：-5000，截至时间：-221
2019-08-26 22:43:39,627 INFO (MapController.java:67)- 入参类别：prefpts，起始时间：-5000，截至时间：-221
2019-08-26 22:43:39,645 INFO (MapController.java:67)- 入参类别：prefpgn，起始时间：-5000，截至时间：-221
2019-08-26 22:43:41,777 INFO (MapController.java:67)- 入参类别：prefpgn，起始时间：-5000，截至时间：-221
2019-08-26 22:43:42,703 INFO (MapController.java:67)- 入参类别：prefpts，起始时间：-5000，截至时间：-221
2019-08-26 22:43:42,725 INFO (MapController.java:67)- 入参类别：prefpgn，起始时间：-5000，截至时间：-221
2019-08-26 22:43:43,883 INFO (MapController.java:67)- 入参类别：prefpgn，起始时间：-5000，截至时间：-221
2019-08-26 22:43:44,574 INFO (MapController.java:67)- 入参类别：prefpts，起始时间：-5000，截至时间：-221
2019-08-26 22:43:44,597 INFO (MapController.java:67)- 入参类别：prefpgn，起始时间：-5000，截至时间：-221
2019-08-26 22:43:46,244 INFO (MapController.java:67)- 入参类别：prefpts，起始时间：-5000，截至时间：-221
2019-08-26 22:43:46,246 INFO (MapController.java:67)- 入参类别：cntypts，起始时间：-5000，截至时间：-221
2019-08-26 22:43:46,259 INFO (MapController.java:67)- 入参类别：prefpgn，起始时间：-5000，截至时间：-221
2019-08-26 22:43:55,781 INFO (MapController.java:67)- 入参类别：prefpts，起始时间：-5000，截至时间：-221
2019-08-26 22:43:55,822 INFO (MapController.java:67)- 入参类别：prefpgn，起始时间：-5000，截至时间：-221
2019-08-26 22:43:56,779 INFO (MapController.java:67)- 入参类别：prefpgn，起始时间：-5000，截至时间：-221
2019-08-26 22:43:58,613 INFO (MapController.java:67)- 入参类别：cntypts，起始时间：-5000，截至时间：-221
2019-08-26 22:43:58,637 INFO (MapController.java:67)- 入参类别：prefpgn，起始时间：-5000，截至时间：-221
2019-08-26 22:44:00,185 INFO (MapController.java:67)- 入参类别：prefpts，起始时间：-5000，截至时间：-221
2019-08-26 22:44:00,186 INFO (MapController.java:67)- 入参类别：cntypts，起始时间：-5000，截至时间：-221
2019-08-26 22:44:00,207 INFO (MapController.java:67)- 入参类别：prefpgn，起始时间：-5000，截至时间：-221
2019-08-26 22:44:04,577 INFO (MapController.java:67)- 入参类别：prefpts，起始时间：-5000，截至时间：-221
2019-08-26 22:44:04,587 INFO (MapController.java:67)- 入参类别：cntypts，起始时间：-5000，截至时间：-221
2019-08-26 22:44:04,611 INFO (MapController.java:67)- 入参类别：prefpgn，起始时间：-5000，截至时间：-221
2019-08-26 23:06:25,191 INFO (MapController.java:67)- 入参类别：prefpts，起始时间：-5000，截至时间：-221
2019-08-26 23:06:25,201 INFO (MapController.java:67)- 入参类别：cntypts，起始时间：-5000，截至时间：-221
2019-08-26 23:06:25,218 INFO (MapController.java:67)- 入参类别：prefpgn，起始时间：-5000，截至时间：-221
2019-08-26 23:13:31,083 INFO (MapController.java:67)- 入参类别：prefpts，起始时间：-5000，截至时间：-221
2019-08-26 23:13:31,087 INFO (MapController.java:67)- 入参类别：cntypts，起始时间：-5000，截至时间：-221
2019-08-26 23:13:31,102 INFO (MapController.java:67)- 入参类别：prefpgn，起始时间：-5000，截至时间：-221
2019-08-26 23:44:11,810 INFO (MapController.java:67)- 入参类别：prefpts，起始时间：-5000，截至时间：-221
2019-08-26 23:44:11,867 INFO (MapController.java:67)- 入参类别：cntypts，起始时间：-5000，截至时间：-221
2019-08-26 23:44:12,082 INFO (MapController.java:67)- 入参类别：prefpgn，起始时间：-5000，截至时间：-221
